<?xml version="1.0" encoding="UTF-8" ?>
<testsuite tests="43" failures="0" name="TestRunner.CucumberRunnerTest" time="34.796" errors="0" skipped="0">
  <properties>
    <property name="java.runtime.name" value="OpenJDK Runtime Environment"/>
    <property name="sun.boot.library.path" value="C:\Program Files\RedHat\java-1.8.0-openjdk-1.8.0.302-1\jre\bin"/>
    <property name="java.vm.version" value="25.302-b08"/>
    <property name="java.vm.vendor" value="Red Hat, Inc."/>
    <property name="java.vendor.url" value="https://developers.redhat.com/"/>
    <property name="path.separator" value=";"/>
    <property name="java.vm.name" value="OpenJDK 64-Bit Server VM"/>
    <property name="file.encoding.pkg" value="sun.io"/>
    <property name="user.script" value=""/>
    <property name="user.country" value="US"/>
    <property name="sun.java.launcher" value="SUN_STANDARD"/>
    <property name="sun.os.patch.level" value=""/>
    <property name="java.vm.specification.name" value="Java Virtual Machine Specification"/>
    <property name="user.dir" value="C:\Users\himani.sengar\Documents\AutomationDemo"/>
    <property name="java.runtime.version" value="1.8.0_302-b08"/>
    <property name="java.awt.graphicsenv" value="sun.awt.Win32GraphicsEnvironment"/>
    <property name="basedir" value="C:\Users\himani.sengar\Documents\AutomationDemo"/>
    <property name="java.endorsed.dirs" value="C:\Program Files\RedHat\java-1.8.0-openjdk-1.8.0.302-1\jre\lib\endorsed"/>
    <property name="os.arch" value="amd64"/>
    <property name="surefire.real.class.path" value="C:\Users\himani.sengar\Documents\AutomationDemo\target\surefire\surefirebooter6628391837287618367.jar"/>
    <property name="java.io.tmpdir" value="C:\Users\HIMANI~1.SEN\AppData\Local\Temp\"/>
    <property name="line.separator" value="
"/>
    <property name="java.vm.specification.vendor" value="Oracle Corporation"/>
    <property name="user.variant" value=""/>
    <property name="os.name" value="Windows 10"/>
    <property name="sun.jnu.encoding" value="Cp1252"/>
    <property name="java.library.path" value="C:\Program Files\RedHat\java-1.8.0-openjdk-1.8.0.302-1\jre\bin;C:\WINDOWS\Sun\Java\bin;C:\WINDOWS\system32;C:\WINDOWS;C:\apache-maven-3.8.4/bin;C:\Program Files\RedHat\java-1.8.0-openjdk-1.8.0.302-1/bin;C:\Program Files\RedHat\java-1.8.0-openjdk-1.8.0.302-1/bin;C:\WINDOWS\system32;C:\WINDOWS;C:\WINDOWS\System32\Wbem;C:\WINDOWS\System32\WindowsPowerShell\v1.0\;C:\WINDOWS\System32\OpenSSH\;C:\Program Files\Git\cmd;C:\Program Files\TortoiseGit\bin;C:\Program Files\PuTTY\;C:\Program Files\RedHat\java-1.8.0-openjdk-1.8.0.302-1\bin;C:\Program Files\RedHat\java-1.8.0-openjdk-1.8.0.302-1\jre\bin;C:\Users\himani.sengar\AppData\Local\Microsoft\WindowsApps;C:\apache-maven-3.8.4\bin;;."/>
    <property name="surefire.test.class.path" value="C:\Users\himani.sengar\Documents\AutomationDemo\target\test-classes;C:\Users\himani.sengar\Documents\AutomationDemo\target\classes;C:\Users\himani.sengar\.m2\repository\org\apache\poi\poi-ooxml\3.9\poi-ooxml-3.9.jar;C:\Users\himani.sengar\.m2\repository\org\apache\poi\poi\3.9\poi-3.9.jar;C:\Users\himani.sengar\.m2\repository\commons-codec\commons-codec\1.5\commons-codec-1.5.jar;C:\Users\himani.sengar\.m2\repository\org\apache\poi\poi-ooxml-schemas\3.9\poi-ooxml-schemas-3.9.jar;C:\Users\himani.sengar\.m2\repository\org\apache\xmlbeans\xmlbeans\2.3.0\xmlbeans-2.3.0.jar;C:\Users\himani.sengar\.m2\repository\stax\stax-api\1.0.1\stax-api-1.0.1.jar;C:\Users\himani.sengar\.m2\repository\dom4j\dom4j\1.6.1\dom4j-1.6.1.jar;C:\Users\himani.sengar\.m2\repository\xml-apis\xml-apis\1.0.b2\xml-apis-1.0.b2.jar;C:\Users\himani.sengar\.m2\repository\info\cukes\cucumber-java\1.2.5\cucumber-java-1.2.5.jar;C:\Users\himani.sengar\.m2\repository\info\cukes\cucumber-core\1.2.5\cucumber-core-1.2.5.jar;C:\Users\himani.sengar\.m2\repository\info\cukes\cucumber-html\0.2.3\cucumber-html-0.2.3.jar;C:\Users\himani.sengar\.m2\repository\info\cukes\cucumber-junit\1.2.5\cucumber-junit-1.2.5.jar;C:\Users\himani.sengar\.m2\repository\org\apache\pdfbox\pdfbox\2.0.9\pdfbox-2.0.9.jar;C:\Users\himani.sengar\.m2\repository\org\apache\pdfbox\fontbox\2.0.9\fontbox-2.0.9.jar;C:\Users\himani.sengar\.m2\repository\commons-logging\commons-logging\1.2\commons-logging-1.2.jar;C:\Users\himani.sengar\.m2\repository\de\redsix\pdfcompare\1.1.25\pdfcompare-1.1.25.jar;C:\Users\himani.sengar\.m2\repository\com\typesafe\config\1.3.1\config-1.3.1.jar;C:\Users\himani.sengar\.m2\repository\org\slf4j\slf4j-api\1.7.25\slf4j-api-1.7.25.jar;C:\Users\himani.sengar\.m2\repository\ch\qos\logback\logback-classic\1.2.3\logback-classic-1.2.3.jar;C:\Users\himani.sengar\.m2\repository\ch\qos\logback\logback-core\1.2.3\logback-core-1.2.3.jar;C:\Users\himani.sengar\.m2\repository\info\cukes\cucumber-jvm-deps\1.0.5\cucumber-jvm-deps-1.0.5.jar;C:\Users\himani.sengar\.m2\repository\com\aventstack\extentreports-cucumber4-adapter\1.0.6\extentreports-cucumber4-adapter-1.0.6.jar;C:\Users\himani.sengar\.m2\repository\io\cucumber\cucumber-core\4.0.1\cucumber-core-4.0.1.jar;C:\Users\himani.sengar\.m2\repository\io\cucumber\cucumber-html\0.2.7\cucumber-html-0.2.7.jar;C:\Users\himani.sengar\.m2\repository\io\cucumber\gherkin\5.1.0\gherkin-5.1.0.jar;C:\Users\himani.sengar\.m2\repository\io\cucumber\tag-expressions\1.1.1\tag-expressions-1.1.1.jar;C:\Users\himani.sengar\.m2\repository\io\cucumber\cucumber-expressions\6.1.0\cucumber-expressions-6.1.0.jar;C:\Users\himani.sengar\.m2\repository\io\cucumber\datatable\1.1.3\datatable-1.1.3.jar;C:\Users\himani.sengar\.m2\repository\io\cucumber\datatable-dependencies\1.1.3\datatable-dependencies-1.1.3.jar;C:\Users\himani.sengar\.m2\repository\io\cucumber\cucumber-java\4.0.1\cucumber-java-4.0.1.jar;C:\Users\himani.sengar\.m2\repository\org\mongodb\mongodb-driver\3.3.0\mongodb-driver-3.3.0.jar;C:\Users\himani.sengar\.m2\repository\org\mongodb\bson\3.3.0\bson-3.3.0.jar;C:\Users\himani.sengar\.m2\repository\org\mongodb\mongodb-driver-core\3.3.0\mongodb-driver-core-3.3.0.jar;C:\Users\himani.sengar\.m2\repository\com\vimalselvam\cucumber-extentsreport\3.0.2\cucumber-extentsreport-3.0.2.jar;C:\Users\himani.sengar\.m2\repository\com\aventstack\extentreports\3.1.2\extentreports-3.1.2.jar;C:\Users\himani.sengar\.m2\repository\org\freemarker\freemarker\2.3.23\freemarker-2.3.23.jar;C:\Users\himani.sengar\.m2\repository\org\apache\httpcomponents\httpclient\4.5.2\httpclient-4.5.2.jar;C:\Users\himani.sengar\.m2\repository\org\apache\httpcomponents\httpcore\4.4.4\httpcore-4.4.4.jar;C:\Users\himani.sengar\.m2\repository\org\apache\httpcomponents\httpmime\4.5.2\httpmime-4.5.2.jar;C:\Users\himani.sengar\.m2\repository\org\jsoup\jsoup\1.9.2\jsoup-1.9.2.jar;C:\Users\himani.sengar\.m2\repository\com\google\code\gson\gson\2.8.0\gson-2.8.0.jar;C:\Users\himani.sengar\.m2\repository\info\cukes\gherkin\2.12.2\gherkin-2.12.2.jar;C:\Users\himani.sengar\.m2\repository\junit\junit\4.13\junit-4.13.jar;C:\Users\himani.sengar\.m2\repository\org\hamcrest\hamcrest-core\1.3\hamcrest-core-1.3.jar;C:\Users\himani.sengar\.m2\repository\org\seleniumhq\selenium\selenium-java\3.141.59\selenium-java-3.141.59.jar;C:\Users\himani.sengar\.m2\repository\org\seleniumhq\selenium\selenium-api\3.141.59\selenium-api-3.141.59.jar;C:\Users\himani.sengar\.m2\repository\org\seleniumhq\selenium\selenium-chrome-driver\3.141.59\selenium-chrome-driver-3.141.59.jar;C:\Users\himani.sengar\.m2\repository\org\seleniumhq\selenium\selenium-edge-driver\3.141.59\selenium-edge-driver-3.141.59.jar;C:\Users\himani.sengar\.m2\repository\org\seleniumhq\selenium\selenium-firefox-driver\3.141.59\selenium-firefox-driver-3.141.59.jar;C:\Users\himani.sengar\.m2\repository\org\seleniumhq\selenium\selenium-ie-driver\3.141.59\selenium-ie-driver-3.141.59.jar;C:\Users\himani.sengar\.m2\repository\org\seleniumhq\selenium\selenium-opera-driver\3.141.59\selenium-opera-driver-3.141.59.jar;C:\Users\himani.sengar\.m2\repository\org\seleniumhq\selenium\selenium-remote-driver\3.141.59\selenium-remote-driver-3.141.59.jar;C:\Users\himani.sengar\.m2\repository\org\seleniumhq\selenium\selenium-safari-driver\3.141.59\selenium-safari-driver-3.141.59.jar;C:\Users\himani.sengar\.m2\repository\org\seleniumhq\selenium\selenium-support\3.141.59\selenium-support-3.141.59.jar;C:\Users\himani.sengar\.m2\repository\net\bytebuddy\byte-buddy\1.8.15\byte-buddy-1.8.15.jar;C:\Users\himani.sengar\.m2\repository\org\apache\commons\commons-exec\1.3\commons-exec-1.3.jar;C:\Users\himani.sengar\.m2\repository\com\google\guava\guava\25.0-jre\guava-25.0-jre.jar;C:\Users\himani.sengar\.m2\repository\com\google\code\findbugs\jsr305\1.3.9\jsr305-1.3.9.jar;C:\Users\himani.sengar\.m2\repository\org\checkerframework\checker-compat-qual\2.0.0\checker-compat-qual-2.0.0.jar;C:\Users\himani.sengar\.m2\repository\com\google\errorprone\error_prone_annotations\2.1.3\error_prone_annotations-2.1.3.jar;C:\Users\himani.sengar\.m2\repository\com\google\j2objc\j2objc-annotations\1.1\j2objc-annotations-1.1.jar;C:\Users\himani.sengar\.m2\repository\org\codehaus\mojo\animal-sniffer-annotations\1.14\animal-sniffer-annotations-1.14.jar;C:\Users\himani.sengar\.m2\repository\com\squareup\okhttp3\okhttp\3.11.0\okhttp-3.11.0.jar;C:\Users\himani.sengar\.m2\repository\com\squareup\okio\okio\1.14.0\okio-1.14.0.jar;C:\Users\himani.sengar\.m2\repository\commons-io\commons-io\2.11.0\commons-io-2.11.0.jar;"/>
    <property name="java.specification.name" value="Java Platform API Specification"/>
    <property name="java.class.version" value="52.0"/>
    <property name="sun.management.compiler" value="HotSpot 64-Bit Tiered Compilers"/>
    <property name="os.version" value="10.0"/>
    <property name="user.home" value="C:\Users\himani.sengar"/>
    <property name="user.timezone" value="Asia/Calcutta"/>
    <property name="java.awt.printerjob" value="sun.awt.windows.WPrinterJob"/>
    <property name="java.specification.version" value="1.8"/>
    <property name="file.encoding" value="Cp1252"/>
    <property name="user.name" value="himani.sengar"/>
    <property name="java.class.path" value="C:\Users\himani.sengar\Documents\AutomationDemo\target\test-classes;C:\Users\himani.sengar\Documents\AutomationDemo\target\classes;C:\Users\himani.sengar\.m2\repository\org\apache\poi\poi-ooxml\3.9\poi-ooxml-3.9.jar;C:\Users\himani.sengar\.m2\repository\org\apache\poi\poi\3.9\poi-3.9.jar;C:\Users\himani.sengar\.m2\repository\commons-codec\commons-codec\1.5\commons-codec-1.5.jar;C:\Users\himani.sengar\.m2\repository\org\apache\poi\poi-ooxml-schemas\3.9\poi-ooxml-schemas-3.9.jar;C:\Users\himani.sengar\.m2\repository\org\apache\xmlbeans\xmlbeans\2.3.0\xmlbeans-2.3.0.jar;C:\Users\himani.sengar\.m2\repository\stax\stax-api\1.0.1\stax-api-1.0.1.jar;C:\Users\himani.sengar\.m2\repository\dom4j\dom4j\1.6.1\dom4j-1.6.1.jar;C:\Users\himani.sengar\.m2\repository\xml-apis\xml-apis\1.0.b2\xml-apis-1.0.b2.jar;C:\Users\himani.sengar\.m2\repository\info\cukes\cucumber-java\1.2.5\cucumber-java-1.2.5.jar;C:\Users\himani.sengar\.m2\repository\info\cukes\cucumber-core\1.2.5\cucumber-core-1.2.5.jar;C:\Users\himani.sengar\.m2\repository\info\cukes\cucumber-html\0.2.3\cucumber-html-0.2.3.jar;C:\Users\himani.sengar\.m2\repository\info\cukes\cucumber-junit\1.2.5\cucumber-junit-1.2.5.jar;C:\Users\himani.sengar\.m2\repository\org\apache\pdfbox\pdfbox\2.0.9\pdfbox-2.0.9.jar;C:\Users\himani.sengar\.m2\repository\org\apache\pdfbox\fontbox\2.0.9\fontbox-2.0.9.jar;C:\Users\himani.sengar\.m2\repository\commons-logging\commons-logging\1.2\commons-logging-1.2.jar;C:\Users\himani.sengar\.m2\repository\de\redsix\pdfcompare\1.1.25\pdfcompare-1.1.25.jar;C:\Users\himani.sengar\.m2\repository\com\typesafe\config\1.3.1\config-1.3.1.jar;C:\Users\himani.sengar\.m2\repository\org\slf4j\slf4j-api\1.7.25\slf4j-api-1.7.25.jar;C:\Users\himani.sengar\.m2\repository\ch\qos\logback\logback-classic\1.2.3\logback-classic-1.2.3.jar;C:\Users\himani.sengar\.m2\repository\ch\qos\logback\logback-core\1.2.3\logback-core-1.2.3.jar;C:\Users\himani.sengar\.m2\repository\info\cukes\cucumber-jvm-deps\1.0.5\cucumber-jvm-deps-1.0.5.jar;C:\Users\himani.sengar\.m2\repository\com\aventstack\extentreports-cucumber4-adapter\1.0.6\extentreports-cucumber4-adapter-1.0.6.jar;C:\Users\himani.sengar\.m2\repository\io\cucumber\cucumber-core\4.0.1\cucumber-core-4.0.1.jar;C:\Users\himani.sengar\.m2\repository\io\cucumber\cucumber-html\0.2.7\cucumber-html-0.2.7.jar;C:\Users\himani.sengar\.m2\repository\io\cucumber\gherkin\5.1.0\gherkin-5.1.0.jar;C:\Users\himani.sengar\.m2\repository\io\cucumber\tag-expressions\1.1.1\tag-expressions-1.1.1.jar;C:\Users\himani.sengar\.m2\repository\io\cucumber\cucumber-expressions\6.1.0\cucumber-expressions-6.1.0.jar;C:\Users\himani.sengar\.m2\repository\io\cucumber\datatable\1.1.3\datatable-1.1.3.jar;C:\Users\himani.sengar\.m2\repository\io\cucumber\datatable-dependencies\1.1.3\datatable-dependencies-1.1.3.jar;C:\Users\himani.sengar\.m2\repository\io\cucumber\cucumber-java\4.0.1\cucumber-java-4.0.1.jar;C:\Users\himani.sengar\.m2\repository\org\mongodb\mongodb-driver\3.3.0\mongodb-driver-3.3.0.jar;C:\Users\himani.sengar\.m2\repository\org\mongodb\bson\3.3.0\bson-3.3.0.jar;C:\Users\himani.sengar\.m2\repository\org\mongodb\mongodb-driver-core\3.3.0\mongodb-driver-core-3.3.0.jar;C:\Users\himani.sengar\.m2\repository\com\vimalselvam\cucumber-extentsreport\3.0.2\cucumber-extentsreport-3.0.2.jar;C:\Users\himani.sengar\.m2\repository\com\aventstack\extentreports\3.1.2\extentreports-3.1.2.jar;C:\Users\himani.sengar\.m2\repository\org\freemarker\freemarker\2.3.23\freemarker-2.3.23.jar;C:\Users\himani.sengar\.m2\repository\org\apache\httpcomponents\httpclient\4.5.2\httpclient-4.5.2.jar;C:\Users\himani.sengar\.m2\repository\org\apache\httpcomponents\httpcore\4.4.4\httpcore-4.4.4.jar;C:\Users\himani.sengar\.m2\repository\org\apache\httpcomponents\httpmime\4.5.2\httpmime-4.5.2.jar;C:\Users\himani.sengar\.m2\repository\org\jsoup\jsoup\1.9.2\jsoup-1.9.2.jar;C:\Users\himani.sengar\.m2\repository\com\google\code\gson\gson\2.8.0\gson-2.8.0.jar;C:\Users\himani.sengar\.m2\repository\info\cukes\gherkin\2.12.2\gherkin-2.12.2.jar;C:\Users\himani.sengar\.m2\repository\junit\junit\4.13\junit-4.13.jar;C:\Users\himani.sengar\.m2\repository\org\hamcrest\hamcrest-core\1.3\hamcrest-core-1.3.jar;C:\Users\himani.sengar\.m2\repository\org\seleniumhq\selenium\selenium-java\3.141.59\selenium-java-3.141.59.jar;C:\Users\himani.sengar\.m2\repository\org\seleniumhq\selenium\selenium-api\3.141.59\selenium-api-3.141.59.jar;C:\Users\himani.sengar\.m2\repository\org\seleniumhq\selenium\selenium-chrome-driver\3.141.59\selenium-chrome-driver-3.141.59.jar;C:\Users\himani.sengar\.m2\repository\org\seleniumhq\selenium\selenium-edge-driver\3.141.59\selenium-edge-driver-3.141.59.jar;C:\Users\himani.sengar\.m2\repository\org\seleniumhq\selenium\selenium-firefox-driver\3.141.59\selenium-firefox-driver-3.141.59.jar;C:\Users\himani.sengar\.m2\repository\org\seleniumhq\selenium\selenium-ie-driver\3.141.59\selenium-ie-driver-3.141.59.jar;C:\Users\himani.sengar\.m2\repository\org\seleniumhq\selenium\selenium-opera-driver\3.141.59\selenium-opera-driver-3.141.59.jar;C:\Users\himani.sengar\.m2\repository\org\seleniumhq\selenium\selenium-remote-driver\3.141.59\selenium-remote-driver-3.141.59.jar;C:\Users\himani.sengar\.m2\repository\org\seleniumhq\selenium\selenium-safari-driver\3.141.59\selenium-safari-driver-3.141.59.jar;C:\Users\himani.sengar\.m2\repository\org\seleniumhq\selenium\selenium-support\3.141.59\selenium-support-3.141.59.jar;C:\Users\himani.sengar\.m2\repository\net\bytebuddy\byte-buddy\1.8.15\byte-buddy-1.8.15.jar;C:\Users\himani.sengar\.m2\repository\org\apache\commons\commons-exec\1.3\commons-exec-1.3.jar;C:\Users\himani.sengar\.m2\repository\com\google\guava\guava\25.0-jre\guava-25.0-jre.jar;C:\Users\himani.sengar\.m2\repository\com\google\code\findbugs\jsr305\1.3.9\jsr305-1.3.9.jar;C:\Users\himani.sengar\.m2\repository\org\checkerframework\checker-compat-qual\2.0.0\checker-compat-qual-2.0.0.jar;C:\Users\himani.sengar\.m2\repository\com\google\errorprone\error_prone_annotations\2.1.3\error_prone_annotations-2.1.3.jar;C:\Users\himani.sengar\.m2\repository\com\google\j2objc\j2objc-annotations\1.1\j2objc-annotations-1.1.jar;C:\Users\himani.sengar\.m2\repository\org\codehaus\mojo\animal-sniffer-annotations\1.14\animal-sniffer-annotations-1.14.jar;C:\Users\himani.sengar\.m2\repository\com\squareup\okhttp3\okhttp\3.11.0\okhttp-3.11.0.jar;C:\Users\himani.sengar\.m2\repository\com\squareup\okio\okio\1.14.0\okio-1.14.0.jar;C:\Users\himani.sengar\.m2\repository\commons-io\commons-io\2.11.0\commons-io-2.11.0.jar;"/>
    <property name="java.vm.specification.version" value="1.8"/>
    <property name="sun.arch.data.model" value="64"/>
    <property name="java.home" value="C:\Program Files\RedHat\java-1.8.0-openjdk-1.8.0.302-1\jre"/>
    <property name="sun.java.command" value="C:\Users\himani.sengar\Documents\AutomationDemo\target\surefire\surefirebooter6628391837287618367.jar C:\Users\himani.sengar\Documents\AutomationDemo\target\surefire\surefire2897909892841774392tmp C:\Users\himani.sengar\Documents\AutomationDemo\target\surefire\surefire3064081721083226095tmp"/>
    <property name="java.specification.vendor" value="Oracle Corporation"/>
    <property name="user.language" value="en"/>
    <property name="awt.toolkit" value="sun.awt.windows.WToolkit"/>
    <property name="java.vm.info" value="mixed mode"/>
    <property name="java.version" value="1.8.0_302"/>
    <property name="java.ext.dirs" value="C:\Program Files\RedHat\java-1.8.0-openjdk-1.8.0.302-1\jre\lib\ext;C:\WINDOWS\Sun\Java\lib\ext"/>
    <property name="sun.boot.class.path" value="C:\Program Files\RedHat\java-1.8.0-openjdk-1.8.0.302-1\jre\lib\resources.jar;C:\Program Files\RedHat\java-1.8.0-openjdk-1.8.0.302-1\jre\lib\rt.jar;C:\Program Files\RedHat\java-1.8.0-openjdk-1.8.0.302-1\jre\lib\sunrsasign.jar;C:\Program Files\RedHat\java-1.8.0-openjdk-1.8.0.302-1\jre\lib\jsse.jar;C:\Program Files\RedHat\java-1.8.0-openjdk-1.8.0.302-1\jre\lib\jce.jar;C:\Program Files\RedHat\java-1.8.0-openjdk-1.8.0.302-1\jre\lib\charsets.jar;C:\Program Files\RedHat\java-1.8.0-openjdk-1.8.0.302-1\jre\lib\jfr.jar;C:\Program Files\RedHat\java-1.8.0-openjdk-1.8.0.302-1\jre\classes"/>
    <property name="webdriver.chrome.driver" value="C:\Users\himani.sengar\chromedriver.exe"/>
    <property name="java.vendor" value="Red Hat, Inc."/>
    <property name="localRepository" value="C:\Users\himani.sengar\.m2\repository"/>
    <property name="file.separator" value="\"/>
    <property name="java.vendor.url.bug" value="https://bugzilla.redhat.com/enter_bug.cgi"/>
    <property name="sun.cpu.endian" value="little"/>
    <property name="sun.io.unicode.encoding" value="UnicodeLittle"/>
    <property name="sun.desktop" value="windows"/>
    <property name="sun.cpu.isalist" value="amd64"/>
  </properties>
  <testcase classname="Scenario: Check that main elements on Google Homepage are displayed" name="Given user loads fixture &quot;TestData_Trane.xlsx&quot;" time="0"/>
  <testcase classname="Scenario: Check that main elements on Google Homepage are displayed" name="Given user launches browser in chrome" time="0"/>
  <testcase classname="Scenario: Check that main elements on Google Homepage are displayed" name="And user enters url as &quot;#ApplicationURL&quot;" time="0"/>
  <testcase classname="Scenario: Check that main elements on Google Homepage are displayed" name="And user maximize the window" time="0"/>
  <testcase classname="Scenario: Check that main elements on Google Homepage are displayed" name="And user enters text &quot;#UserName&quot; in the textbox with attribute &quot;id&quot; and value &quot;userName&quot;" time="0.013"/>
  <testcase classname="Scenario: Check that main elements on Google Homepage are displayed" name="And user enters text &quot;#Password&quot; in the textbox with attribute &quot;id&quot; and value &quot;password&quot;" time="0"/>
  <testcase classname="Scenario: Check that main elements on Google Homepage are displayed" name="And user click element with value &quot;logMeInButton&quot;" time="0"/>
  <testcase classname="Scenario: Check that main elements on Google Homepage are displayed" name="And user click element with value &quot;inventory_button&quot;" time="0"/>
  <testcase classname="Scenario: Check that main elements on Google Homepage are displayed" name="And user click element with value &quot;inside_retailed_inventory&quot;" time="0"/>
  <testcase classname="Scenario: Check that main elements on Google Homepage are displayed" name="And user switch to frame with value &quot;tab_0_iframe&quot;" time="0"/>
  <testcase classname="Scenario: Check that main elements on Google Homepage are displayed" name="And user click element with select &quot;th&quot; and attribute &quot;class&quot; and value &quot;dgrid-cell dgrid-cell-padding dgrid-column-inventoryTable_col_wntyEndDate field-wntyEndDate dgrid-sortable&quot;" time="0"/>
  <testcase classname="Scenario: Check that main elements on Google Homepage are displayed" name="And user click element with select &quot;th&quot; and attribute &quot;class&quot; and value &quot;dgrid-cell dgrid-cell-padding dgrid-column-inventoryTable_col_wntyEndDate field-wntyEndDate dgrid-sortable&quot;" time="0"/>
  <testcase classname="Scenario: Check that main elements on Google Homepage are displayed" name="And user input the model number" time="0"/>
  <testcase classname="Scenario: Check that main elements on Google Homepage are displayed" name="And user apply the wait of 20" time="0"/>
  <testcase classname="Scenario: Check that main elements on Google Homepage are displayed" name="And user click element with select &quot;div&quot; and attribute &quot;class&quot; and value &quot; ui-state-default dgrid-row dgrid-row-even dgrid-selected ui-state-active&quot;" time="0"/>
  <testcase classname="Scenario: Check that main elements on Google Homepage are displayed" name="And user click element with value &quot;_summaryTable_button_createClaimButton_label&quot;" time="0"/>
  <testcase classname="Scenario: Check that main elements on Google Homepage are displayed" name="And user switch to default window" time="0"/>
  <testcase classname="Scenario: Check that main elements on Google Homepage are displayed" name="And user switch to frame with value &quot;tab_1_iframe&quot;" time="0"/>
  <testcase classname="Scenario: Check that main elements on Google Homepage are displayed" name="And user enters text &quot;#DieselHour&quot; in the textbox with attribute &quot;id&quot; and value &quot;hoursInService&quot;" time="0"/>
  <testcase classname="Scenario: Check that main elements on Google Homepage are displayed" name="And user enters text &quot;#ElectricHour&quot; in the textbox with attribute &quot;id&quot; and value &quot;electricHours&quot;" time="0"/>
  <testcase classname="Scenario: Check that main elements on Google Homepage are displayed" name="And user enters text &quot;#WorkOrderNumber&quot; in the textbox with attribute &quot;id&quot; and value &quot;workOrderNumber&quot;" time="0"/>
  <testcase classname="Scenario: Check that main elements on Google Homepage are displayed" name="And user click element with value &quot;widget_dateOfFailure&quot;" time="0"/>
  <testcase classname="Scenario: Check that main elements on Google Homepage are displayed" name="And user select the previous date" time="0"/>
  <testcase classname="Scenario: Check that main elements on Google Homepage are displayed" name="And user click element with value &quot;widget_dateOfRepair&quot;" time="0"/>
  <testcase classname="Scenario: Check that main elements on Google Homepage are displayed" name="And user select the previous date" time="0"/>
  <testcase classname="Scenario: Check that main elements on Google Homepage are displayed" name="And user click element with value &quot;form_0&quot;" time="0"/>
  <testcase classname="Scenario: Check that main elements on Google Homepage are displayed" name="And user scroll to the element with value &quot;casualPartNumberLabel&quot;" time="0"/>
  <testcase classname="Scenario: Check that main elements on Google Homepage are displayed" name="And user enters text &quot;#CasualPartNumber&quot; in the textbox with attribute &quot;id&quot; and value &quot;causalPart&quot;" time="0"/>
  <testcase classname="Scenario: Check that main elements on Google Homepage are displayed" name="And user click element with value &quot;casualPartNumberLabel&quot;" time="0"/>
  <testcase classname="Scenario: Check that main elements on Google Homepage are displayed" name="And user click element with value &quot;launchFaultCodeTree&quot;" time="0"/>
  <testcase classname="Scenario: Check that main elements on Google Homepage are displayed" name="And user select the radio button value with &quot;dijit_form_RadioButton_0&quot;" time="0"/>
  <testcase classname="Scenario: Check that main elements on Google Homepage are displayed" name="And user click element with value &quot;addFaultCode&quot;" time="0"/>
  <testcase classname="Scenario: Check that main elements on Google Homepage are displayed" name="And user enters text &quot;#FaultFound&quot; in the textbox with attribute &quot;id&quot; and value &quot;faultFound&quot;" time="0"/>
  <testcase classname="Scenario: Check that main elements on Google Homepage are displayed" name="And user click element with value &quot;casualPartNumberLabel&quot;" time="0"/>
  <testcase classname="Scenario: Check that main elements on Google Homepage are displayed" name="And user scroll to the element with value &quot;widget_technicianId&quot;" time="0"/>
  <testcase classname="Scenario: Check that main elements on Google Homepage are displayed" name="And user clear the textbox with value &quot;technicianId&quot;" time="0"/>
  <testcase classname="Scenario: Check that main elements on Google Homepage are displayed" name="And user enters text &quot;#TechnicianName&quot; in the textbox with attribute &quot;id&quot; and value &quot;technicianId&quot;" time="0"/>
  <testcase classname="Scenario: Check that main elements on Google Homepage are displayed" name="And user click element with attribute &quot;class&quot; and value &quot;dijitReset dijitInputField dijitArrowButtonInner&quot; and index 5" time="0"/>
  <testcase classname="Scenario: Check that main elements on Google Homepage are displayed" name="And user enters textarea &quot;#ConditionFound&quot; in the textbox with attribute &quot;id&quot; and value &quot;condition_found&quot;" time="0"/>
  <testcase classname="Scenario: Check that main elements on Google Homepage are displayed" name="And user enters textarea &quot;#WorkPerformed&quot; in the textbox with attribute &quot;id&quot; and value &quot;work_performed&quot;" time="0"/>
  <testcase classname="Scenario: Check that main elements on Google Homepage are displayed" name="And user click element with value &quot;validateButton&quot;" time="0"/>
  <testcase classname="Scenario: Check that main elements on Google Homepage are displayed" name="And user click element with value &quot;submitButton&quot;" time="0"/>
  <testcase classname="Scenario: Check that main elements on Google Homepage are displayed" name="Scenario: Check that main elements on Google Homepage are displayed" time="0"/>
</testsuite>